<?xml version="1.0" encoding="UTF-8"?>
<!-- Generated by org.testng.reporters.JUnitXMLReporter -->
<testsuite ignored="0" hostname="LAPTOP-BCCC2A8Q" failures="1" tests="2" name="Web Flow" time="18.355" errors="0" timestamp="2023-06-27T00:10:52 IST">
  <testcase classname="com.webflow.TestCases.TC_LoginPage_01" name="test_LoginPage" time="1.548">
    <failure type="java.lang.AssertionError" message="expected [true] but found [false]">
      <![CDATA[java.lang.AssertionError: expected [true] but found [false]
at com.webflow.TestCases.TC_LoginPage_01.test_LoginPage(TC_LoginPage_01.java:35)
at java.base/java.util.ArrayList.forEach(ArrayList.java:1511)
... Removed 29 stack frames]]>
    </failure>
  </testcase> <!-- test_LoginPage -->
  <testcase classname="com.webflow.TestCases.TC_LoginPage_01" name="test_SkippedReporting" time="0.001">
    <skipped/>
  </testcase> <!-- test_SkippedReporting -->
</testsuite> <!-- Web Flow -->
